<?xml version="1.0" encoding="UTF-8"?>
<!-- Generated by org.testng.reporters.JUnitReportReporter -->
<testsuite hostname="DESKTOP-8KEHNDV" failures="0" tests="5" name="testing_test.CheckBox_Test" time="2.935" errors="0" timestamp="2023-08-27T00:44:03 IST" skipped="0">
  <testcase classname="testing_test.CheckBox_Test" name="clickonCheckBox" time="0.266"/>
  <system-out/>
  <testcase classname="testing_test.CheckBox_Test" name="clickonMobile" time="0.933"/>
  <system-out/>
  <testcase classname="testing_test.CheckBox_Test" name="clickonLaptop" time="0.398"/>
  <system-out/>
  <testcase classname="testing_test.CheckBox_Test" name="clickonDesktop" time="0.369"/>
  <system-out/>
  <testcase classname="testing_test.CheckBox_Test" name="clickonRadioBtn" time="0.969"/>
  <system-out/>
</testsuite> <!-- testing_test.CheckBox_Test -->
