<?xml version="1.0" encoding="UTF-8"?>
<!-- Generated by org.testng.reporters.JUnitReportReporter -->
<testsuite hostname="LAPTOP-N51E35Q7" failures="0" tests="2" name="testScript.CheckBox_Test" time="0.638" errors="0" timestamp="2024-06-15T11:05:03 IST" skipped="0">
  <testcase classname="testScript.CheckBox_Test" name="test1" time="0.300"/>
  <testcase classname="testScript.CheckBox_Test" name="test2" time="0.338"/>
</testsuite> <!-- testScript.CheckBox_Test -->
