<?xml version="1.0" encoding="UTF-8"?>
<!-- Generated by org.testng.reporters.JUnitReportReporter -->
<testsuite hostname="LAPTOP-N51E35Q7" failures="0" tests="2" name="testScript.UploadDownloadPage_Test" time="0.969" errors="0" timestamp="2024-06-15T11:41:03 IST" skipped="0">
  <testcase classname="testScript.UploadDownloadPage_Test" name="test1" time="0.537"/>
  <testcase classname="testScript.UploadDownloadPage_Test" name="test2" time="0.432"/>
</testsuite> <!-- testScript.UploadDownloadPage_Test -->
