<?xml version="1.0" encoding="UTF-8"?>
<!-- Generated by org.testng.reporters.JUnitReportReporter -->
<testsuite hostname="LAPTOP-N51E35Q7" failures="0" tests="3" name="testScript.ButtonsPage_Test" time="4.896" errors="0" timestamp="2024-06-01T21:17:35 IST" skipped="0">
  <testcase classname="testScript.ButtonsPage_Test" name="test2" time="0.497"/>
  <testcase classname="testScript.ButtonsPage_Test" name="test3" time="0.832"/>
  <testcase classname="testScript.ButtonsPage_Test" name="test1" time="3.567"/>
</testsuite> <!-- testScript.ButtonsPage_Test -->
