<?xml version="1.0" encoding="UTF-8"?>
<!-- Generated by org.testng.reporters.JUnitReportReporter -->
<testsuite hostname="DESKTOP-8KEHNDV" failures="0" tests="1" name="testScript.recruit_crm_Test" time="105.649" errors="0" timestamp="2023-08-27T11:34:28 IST" skipped="0">
  <testcase classname="testScript.recruit_crm_Test" name="test1" time="105.649"/>
  <system-out/>
</testsuite> <!-- testScript.recruit_crm_Test -->
