<?xml version="1.0" encoding="UTF-8"?>
<!-- Generated by org.testng.reporters.JUnitReportReporter -->
<testsuite hostname="DESKTOP-8KEHNDV" failures="0" tests="2" name="testing_test.Upload_Test" time="14.304" errors="0" timestamp="2023-08-27T00:44:03 IST" skipped="0">
  <testcase classname="testing_test.Upload_Test" name="clickonupload" time="3.015"/>
  <system-out/>
  <testcase classname="testing_test.Upload_Test" name="selectfile" time="11.289"/>
  <system-out/>
</testsuite> <!-- testing_test.Upload_Test -->
