<?xml version="1.0" encoding="UTF-8"?>
<!-- Generated by org.testng.reporters.JUnitReportReporter -->
<testsuite hostname="DESKTOP-8KEHNDV" failures="0" tests="4" name="testing_test.TextBox_test" time="2.043" errors="0" timestamp="2023-08-27T00:44:03 IST" skipped="0">
  <testcase classname="testing_test.TextBox_test" name="clickonelements" time="0.147"/>
  <system-out/>
  <testcase classname="testing_test.TextBox_test" name="clicktextbox" time="0.155"/>
  <system-out/>
  <testcase classname="testing_test.TextBox_test" name="tc01" time="1.231"/>
  <system-out/>
  <testcase classname="testing_test.TextBox_test" name="getverify" time="0.510"/>
  <system-out/>
</testsuite> <!-- testing_test.TextBox_test -->
