<?xml version="1.0" encoding="UTF-8"?>
<!-- Generated by org.testng.reporters.JUnitReportReporter -->
<testsuite hostname="LAPTOP-N51E35Q7" failures="0" tests="2" name="testScript.SelectMenuPage_Test" time="3.959" errors="0" timestamp="2024-06-15T11:41:03 IST" skipped="0">
  <testcase classname="testScript.SelectMenuPage_Test" name="test1" time="0.390"/>
  <testcase classname="testScript.SelectMenuPage_Test" name="test2" time="3.569"/>
</testsuite> <!-- testScript.SelectMenuPage_Test -->
