<?xml version="1.0" encoding="UTF-8"?>
<!-- Generated by org.testng.reporters.JUnitReportReporter -->
<testsuite hostname="DESKTOP-8KEHNDV" failures="0" tests="2" name="testing_test.Login_Test" time="41.059" errors="0" timestamp="2023-08-27T00:44:03 IST" skipped="0">
  <testcase classname="testing_test.Login_Test" name="getlaunch" time="40.894"/>
  <system-out/>
  <testcase classname="testing_test.Login_Test" name="gettitle" time="0.165"/>
  <system-out/>
</testsuite> <!-- testing_test.Login_Test -->
