<?xml version="1.0" encoding="UTF-8"?>
<!-- Generated by org.testng.reporters.JUnitReportReporter -->
<testsuite hostname="DESKTOP-8KEHNDV" failures="0" tests="3" name="testing_test.DropDown_Test" time="5.260" errors="0" timestamp="2023-08-27T00:44:03 IST" skipped="0">
  <testcase classname="testing_test.DropDown_Test" name="selectDataByDropDownList" time="3.793"/>
  <system-out/>
  <testcase classname="testing_test.DropDown_Test" name="dataSelectByMultiOption" time="0.581"/>
  <system-out/>
  <testcase classname="testing_test.DropDown_Test" name="quitDriver" time="0.886"/>
  <system-out/>
</testsuite> <!-- testing_test.DropDown_Test -->
