<?xml version="1.0" encoding="UTF-8"?>
<!-- Generated by org.testng.reporters.JUnitReportReporter -->
<testsuite hostname="DESKTOP-8KEHNDV" failures="0" tests="4" name="testing_test.Buttons_Test" time="7.062" errors="0" timestamp="2023-08-27T00:44:03 IST" skipped="0">
  <testcase classname="testing_test.Buttons_Test" name="clickonButtons" time="2.391"/>
  <system-out/>
  <testcase classname="testing_test.Buttons_Test" name="rightclick" time="2.211"/>
  <system-out/>
  <testcase classname="testing_test.Buttons_Test" name="onlyclick" time="2.307"/>
  <system-out/>
  <testcase classname="testing_test.Buttons_Test" name="verifyButtons" time="0.153"/>
  <system-out/>
</testsuite> <!-- testing_test.Buttons_Test -->
