<?xml version="1.0" encoding="UTF-8"?>
<!-- Generated by org.testng.reporters.JUnitReportReporter -->
<testsuite hostname="DESKTOP-8KEHNDV" failures="0" tests="3" name="testing_test.WebTables_Test" time="5.942" errors="0" timestamp="2023-08-27T00:44:03 IST" skipped="0">
  <testcase classname="testing_test.WebTables_Test" name="clickOnWeb" time="3.626"/>
  <system-out/>
  <testcase classname="testing_test.WebTables_Test" name="getvalidate" time="0.295"/>
  <system-out/>
  <testcase classname="testing_test.WebTables_Test" name="updateData" time="2.021"/>
  <system-out/>
</testsuite> <!-- testing_test.WebTables_Test -->
